<?xml version="1.0" encoding="utf-8"?><testsuites name="pytest tests"><testsuite name="pytest" errors="0" failures="3" skipped="0" tests="6" time="0.114" timestamp="2026-02-23T13:53:36.971963+00:00" hostname="84b7bd472e89"><testcase classname="test_generated" name="test_run_tests_coverage_file_not_exists" time="0.002" /><testcase classname="test_generated" name="test_run_tests_timeout" time="0.001"><failure message="NameError: name 'subprocess' is not defined">def test_run_tests_timeout():
&gt;       with patch('executor.subprocess.run', side_effect=subprocess.TimeoutExpired(cmd='cmd', timeout=120)):
                                                          ^^^^^^^^^^
E       NameError: name 'subprocess' is not defined

/tests/test_generated.py:17: NameError</failure></testcase><testcase classname="test_generated" name="test_run_tests_exception" time="0.001" /><testcase classname="test_generated" name="test_parse_coverage_malformed_xml" time="0.000"><failure message="NameError: name 'ET' is not defined">def test_parse_coverage_malformed_xml():
&gt;       with patch('executor.ET.parse', side_effect=ET.ParseError):
                                                    ^^
E       NameError: name 'ET' is not defined

/tests/test_generated.py:33: NameError</failure></testcase><testcase classname="test_generated" name="test_parse_junit_malformed_xml" time="0.001"><failure message="NameError: name 'ET' is not defined">def test_parse_junit_malformed_xml():
&gt;       with patch('executor.ET.parse', side_effect=ET.ParseError):
                                                    ^^
E       NameError: name 'ET' is not defined

/tests/test_generated.py:40: NameError</failure></testcase><testcase classname="test_generated" name="test_parse_junit_no_testsuite" time="0.003" /></testsuite></testsuites>