<?xml version="1.0" encoding="utf-8"?><testsuites name="pytest tests"><testsuite name="pytest" errors="0" failures="5" skipped="0" tests="8" time="0.168" timestamp="2026-02-23T13:59:37.921538+00:00" hostname="3943bc3d0a2e"><testcase classname="test_generated" name="test_run_tests_coverage_file_not_exists" time="0.001" /><testcase classname="test_generated" name="test_run_tests_junit_file_not_exists" time="0.002"><failure message="assert None == []&#10; +  where None = CoverageResult(success=True, coverage_pct=75.0, uncovered_lines={}, tests_passed=0, tests_failed=0, failed_tests=None, error_output=None).failed_tests">def test_run_tests_junit_file_not_exists():
        with patch('executor.subprocess.run') as mock_run, \
             patch('executor.Path.exists', side_effect=[True, False]), \
             patch('executor._parse_coverage', return_value=CoverageResult(True, 75.0, {})):
            result = run_tests("code_dir", "tests_dir")
    
            assert result.success
            assert result.coverage_pct == 75.0
            assert result.uncovered_lines == {}
            assert result.tests_passed == 0
            assert result.tests_failed == 0
&gt;           assert result.failed_tests == []
E           assert None == []
E            +  where None = CoverageResult(success=True, coverage_pct=75.0, uncovered_lines={}, tests_passed=0, tests_failed=0, failed_tests=None, error_output=None).failed_tests

/tests/test_generated.py:30: AssertionError</failure></testcase><testcase classname="test_generated" name="test_run_tests_timeout" time="0.000"><failure message="NameError: name 'subprocess' is not defined">def test_run_tests_timeout():
&gt;       with patch('executor.subprocess.run', side_effect=subprocess.TimeoutExpired(cmd='cmd', timeout=120)):
                                                          ^^^^^^^^^^
E       NameError: name 'subprocess' is not defined

/tests/test_generated.py:33: NameError</failure></testcase><testcase classname="test_generated" name="test_run_tests_exception" time="0.001" /><testcase classname="test_generated" name="test_parse_coverage_file_not_exists" time="0.001"><failure message="FileNotFoundError">def test_parse_coverage_file_not_exists():
        with patch('executor.ET.parse', side_effect=FileNotFoundError):
&gt;           result = _parse_coverage(Path("non_existent.xml"))
                     ^^^^^^^^^^^^^^^^^^^^^^^^^^^^^^^^^^^^^^^^^

/tests/test_generated.py:52: 
_ _ _ _ _ _ _ _ _ _ _ _ _ _ _ _ _ _ _ _ _ _ _ _ _ _ _ _ _ _ _ _ _ _ _ _ _ _ _ _ 
executor.py:101: in _parse_coverage
    tree = ET.parse(coverage_xml)
           ^^^^^^^^^^^^^^^^^^^^^^
/usr/local/lib/python3.11/unittest/mock.py:1124: in __call__
    return self._mock_call(*args, **kwargs)
           ^^^^^^^^^^^^^^^^^^^^^^^^^^^^^^^^
/usr/local/lib/python3.11/unittest/mock.py:1128: in _mock_call
    return self._execute_mock_call(*args, **kwargs)
           ^^^^^^^^^^^^^^^^^^^^^^^^^^^^^^^^^^^^^^^^
_ _ _ _ _ _ _ _ _ _ _ _ _ _ _ _ _ _ _ _ _ _ _ _ _ _ _ _ _ _ _ _ _ _ _ _ _ _ _ _ 

self = &lt;MagicMock name='parse' id='139305922263760'&gt;
args = (PosixPath('non_existent.xml'),), kwargs = {}
effect = &lt;class 'FileNotFoundError'&gt;

    def _execute_mock_call(self, /, *args, **kwargs):
        # separate from _increment_mock_call so that awaited functions are
        # executed separately from their call, also AsyncMock overrides this method
    
        effect = self.side_effect
        if effect is not None:
            if _is_exception(effect):
&gt;               raise effect
E               FileNotFoundError

/usr/local/lib/python3.11/unittest/mock.py:1183: FileNotFoundError</failure></testcase><testcase classname="test_generated" name="test_parse_coverage_malformed_xml" time="0.000"><failure message="NameError: name 'ET' is not defined">def test_parse_coverage_malformed_xml():
&gt;       with patch('executor.ET.parse', side_effect=ET.ParseError):
                                                    ^^
E       NameError: name 'ET' is not defined

/tests/test_generated.py:59: NameError</failure></testcase><testcase classname="test_generated" name="test_parse_junit_file_not_exists" time="0.001" /><testcase classname="test_generated" name="test_parse_junit_malformed_xml" time="0.000"><failure message="NameError: name 'ET' is not defined">def test_parse_junit_malformed_xml():
&gt;       with patch('executor.ET.parse', side_effect=ET.ParseError):
                                                    ^^
E       NameError: name 'ET' is not defined

/tests/test_generated.py:75: NameError</failure></testcase></testsuite></testsuites>