<?xml version="1.0" encoding="utf-8"?><testsuites name="pytest tests"><testsuite name="pytest" errors="0" failures="4" skipped="0" tests="7" time="0.135" timestamp="2026-02-23T13:59:19.602704+00:00" hostname="2ec9396d8f88"><testcase classname="test_generated" name="test_run_tests_code_dir_not_exist" time="0.001" /><testcase classname="test_generated" name="test_run_tests_tests_dir_not_exist" time="0.001" /><testcase classname="test_generated" name="test_run_tests_timeout" time="0.001"><failure message="NameError: name 'subprocess' is not defined">def test_run_tests_timeout():
        with patch('executor.subprocess.run') as mock_run:
&gt;           mock_run.side_effect = subprocess.TimeoutExpired(cmd='docker run', timeout=120)
                                   ^^^^^^^^^^
E           NameError: name 'subprocess' is not defined

/tests/test_generated.py:25: NameError</failure></testcase><testcase classname="test_generated" name="test_parse_coverage_file_not_exist" time="0.001"><failure message="FileNotFoundError: Coverage XML not found">def test_parse_coverage_file_not_exist():
        coverage_xml = Path("/invalid/coverage.xml")
        with patch('executor.ET.parse', side_effect=FileNotFoundError("Coverage XML not found")):
&gt;           result = _parse_coverage(coverage_xml)
                     ^^^^^^^^^^^^^^^^^^^^^^^^^^^^^

/tests/test_generated.py:34: 
_ _ _ _ _ _ _ _ _ _ _ _ _ _ _ _ _ _ _ _ _ _ _ _ _ _ _ _ _ _ _ _ _ _ _ _ _ _ _ _ 
executor.py:101: in _parse_coverage
    tree = ET.parse(coverage_xml)
           ^^^^^^^^^^^^^^^^^^^^^^
/usr/local/lib/python3.11/unittest/mock.py:1124: in __call__
    return self._mock_call(*args, **kwargs)
           ^^^^^^^^^^^^^^^^^^^^^^^^^^^^^^^^
/usr/local/lib/python3.11/unittest/mock.py:1128: in _mock_call
    return self._execute_mock_call(*args, **kwargs)
           ^^^^^^^^^^^^^^^^^^^^^^^^^^^^^^^^^^^^^^^^
_ _ _ _ _ _ _ _ _ _ _ _ _ _ _ _ _ _ _ _ _ _ _ _ _ _ _ _ _ _ _ _ _ _ _ _ _ _ _ _ 

self = &lt;MagicMock name='parse' id='129922650167696'&gt;
args = (PosixPath('/invalid/coverage.xml'),), kwargs = {}
effect = FileNotFoundError('Coverage XML not found')

    def _execute_mock_call(self, /, *args, **kwargs):
        # separate from _increment_mock_call so that awaited functions are
        # executed separately from their call, also AsyncMock overrides this method
    
        effect = self.side_effect
        if effect is not None:
            if _is_exception(effect):
&gt;               raise effect
E               FileNotFoundError: Coverage XML not found

/usr/local/lib/python3.11/unittest/mock.py:1183: FileNotFoundError</failure></testcase><testcase classname="test_generated" name="test_parse_coverage_malformed_xml" time="0.000"><failure message="NameError: name 'ET' is not defined">def test_parse_coverage_malformed_xml():
        coverage_xml = Path("/malformed/coverage.xml")
&gt;       with patch('executor.ET.parse', side_effect=ET.ParseError("Malformed XML")):
                                                    ^^
E       NameError: name 'ET' is not defined

/tests/test_generated.py:40: NameError</failure></testcase><testcase classname="test_generated" name="test_parse_junit_file_not_exist" time="0.001" /><testcase classname="test_generated" name="test_parse_junit_malformed_xml" time="0.000"><failure message="NameError: name 'ET' is not defined">def test_parse_junit_malformed_xml():
        junit_xml = Path("/malformed/junit.xml")
&gt;       with patch('executor.ET.parse', side_effect=ET.ParseError("Malformed XML")):
                                                    ^^
E       NameError: name 'ET' is not defined

/tests/test_generated.py:55: NameError</failure></testcase></testsuite></testsuites>