<?xml version="1.0" encoding="utf-8"?><testsuites name="pytest tests"><testsuite name="pytest" errors="0" failures="3" skipped="0" tests="7" time="0.133" timestamp="2026-02-23T17:14:50.315339+00:00" hostname="0adcc9e3ec29"><testcase classname="test_generated" name="test_run_tests_coverage_file_not_exists" time="0.002"><failure message="assert &quot;test_run_tes...argument: 'p'&quot; == 'stderr'&#10;  &#10;  - stderr&#10;  + test_run_tests_coverage_file_not_exists.&lt;locals&gt;.&lt;lambda&gt;() missing 1 required positional argument: 'p'">def test_run_tests_coverage_file_not_exists():
        with patch('executor.subprocess.run') as mock_run, \
             patch('executor.Path.exists', side_effect=lambda p: False if 'coverage.xml' in str(p) else True):
            mock_run.return_value = MagicMock(stdout='stdout', stderr='stderr')
            result = run_tests('/fake/code_dir', '/fake/tests_dir')
            assert not result.success
            assert result.coverage_pct == 0.0
            assert result.uncovered_lines == {}
&gt;           assert result.error_output == 'stderr'
E           assert "test_run_tes...argument: 'p'" == 'stderr'
E             
E             - stderr
E             + test_run_tests_coverage_file_not_exists.&lt;locals&gt;.&lt;lambda&gt;() missing 1 required positional argument: 'p'

/tests/test_generated.py:17: AssertionError</failure></testcase><testcase classname="test_generated" name="test_run_tests_junit_file_not_exists" time="0.001"><failure message="assert False&#10; +  where False = CoverageResult(success=False, coverage_pct=0.0, uncovered_lines={}, tests_passed=0, tests_failed=0, failed_tests=None, error_output=&quot;test_run_tests_junit_file_not_exists.&lt;locals&gt;.&lt;lambda&gt;() missing 1 required positional argument: 'p'&quot;).success">def test_run_tests_junit_file_not_exists():
        with patch('executor.subprocess.run') as mock_run, \
             patch('executor.Path.exists', side_effect=lambda p: False if 'junit.xml' in str(p) else True), \
             patch('executor._parse_coverage', return_value=CoverageResult(success=True, coverage_pct=75.0, uncovered_lines={})):
            mock_run.return_value = MagicMock(stdout='stdout', stderr='stderr')
            result = run_tests('/fake/code_dir', '/fake/tests_dir')
&gt;           assert result.success
E           assert False
E            +  where False = CoverageResult(success=False, coverage_pct=0.0, uncovered_lines={}, tests_passed=0, tests_failed=0, failed_tests=None, error_output="test_run_tests_junit_file_not_exists.&lt;locals&gt;.&lt;lambda&gt;() missing 1 required positional argument: 'p'").success

/tests/test_generated.py:25: AssertionError</failure></testcase><testcase classname="test_generated" name="test_run_tests_timeout" time="0.001" /><testcase classname="test_generated" name="test_run_tests_exception" time="0.001" /><testcase classname="test_generated" name="test_parse_coverage_malformed_xml" time="0.001"><failure message="xml.etree.ElementTree.ParseError: &lt;no detail available&gt;">def test_parse_coverage_malformed_xml():
        with patch('executor.ET.parse', side_effect=ET.ParseError):
&gt;           result = _parse_coverage(Path('/fake/coverage.xml'))
                     ^^^^^^^^^^^^^^^^^^^^^^^^^^^^^^^^^^^^^^^^^^^

/tests/test_generated.py:50: 
_ _ _ _ _ _ _ _ _ _ _ _ _ _ _ _ _ _ _ _ _ _ _ _ _ _ _ _ _ _ _ _ _ _ _ _ _ _ _ _ 
executor.py:101: in _parse_coverage
    tree = ET.parse(coverage_xml)
           ^^^^^^^^^^^^^^^^^^^^^^
/usr/local/lib/python3.11/unittest/mock.py:1124: in __call__
    return self._mock_call(*args, **kwargs)
           ^^^^^^^^^^^^^^^^^^^^^^^^^^^^^^^^
/usr/local/lib/python3.11/unittest/mock.py:1128: in _mock_call
    return self._execute_mock_call(*args, **kwargs)
           ^^^^^^^^^^^^^^^^^^^^^^^^^^^^^^^^^^^^^^^^
_ _ _ _ _ _ _ _ _ _ _ _ _ _ _ _ _ _ _ _ _ _ _ _ _ _ _ _ _ _ _ _ _ _ _ _ _ _ _ _ 

self = &lt;MagicMock name='parse' id='135208878432656'&gt;
args = (PosixPath('/fake/coverage.xml'),), kwargs = {}
effect = &lt;class 'xml.etree.ElementTree.ParseError'&gt;

    def _execute_mock_call(self, /, *args, **kwargs):
        # separate from _increment_mock_call so that awaited functions are
        # executed separately from their call, also AsyncMock overrides this method
    
        effect = self.side_effect
        if effect is not None:
            if _is_exception(effect):
&gt;               raise effect
E               xml.etree.ElementTree.ParseError: &lt;no detail available&gt;

/usr/local/lib/python3.11/unittest/mock.py:1183: ParseError</failure></testcase><testcase classname="test_generated" name="test_parse_junit_malformed_xml" time="0.001" /><testcase classname="test_generated" name="test_parse_junit_no_testsuite" time="0.001" /></testsuite></testsuites>