<?xml version="1.0" encoding="utf-8"?><testsuites name="pytest tests"><testsuite name="pytest" errors="0" failures="1" skipped="0" tests="24" time="0.058" timestamp="2026-02-23T17:09:09.292753+00:00" hostname="aee9882ef1ce"><testcase classname="test_generated" name="test_fizzbuzz_happy_path" time="0.000" /><testcase classname="test_generated" name="test_fizzbuzz_n_zero" time="0.000" /><testcase classname="test_generated" name="test_fizzbuzz_n_one" time="0.000" /><testcase classname="test_generated" name="test_fizzbuzz_negative_n" time="0.000" /><testcase classname="test_generated" name="test_two_sum_happy_path" time="0.000" /><testcase classname="test_generated" name="test_two_sum_no_pair" time="0.000" /><testcase classname="test_generated" name="test_two_sum_multiple_pairs" time="0.000" /><testcase classname="test_generated" name="test_two_sum_empty_list" time="0.001" /><testcase classname="test_generated" name="test_is_palindrome_happy_path" time="0.000" /><testcase classname="test_generated" name="test_is_palindrome_empty_string" time="0.000" /><testcase classname="test_generated" name="test_is_palindrome_single_character" time="0.000" /><testcase classname="test_generated" name="test_is_palindrome_special_characters" time="0.001" /><testcase classname="test_generated" name="test_max_subarray_happy_path" time="0.000" /><testcase classname="test_generated" name="test_max_subarray_single_element" time="0.000" /><testcase classname="test_generated" name="test_max_subarray_all_negative" time="0.000" /><testcase classname="test_generated" name="test_max_subarray_empty_list" time="0.000" /><testcase classname="test_generated" name="test_climbing_stairs_happy_path" time="0.000" /><testcase classname="test_generated" name="test_climbing_stairs_n_zero" time="0.000" /><testcase classname="test_generated" name="test_climbing_stairs_n_one" time="0.000" /><testcase classname="test_generated" name="test_climbing_stairs_negative_n" time="0.000" /><testcase classname="test_generated" name="test_valid_parentheses_happy_path" time="0.000" /><testcase classname="test_generated" name="test_valid_parentheses_unbalanced" time="0.000" /><testcase classname="test_generated" name="test_valid_parentheses_unrelated_characters" time="0.001"><failure message="AssertionError: assert False is True&#10; +  where False = valid_parentheses('a(b)c[d]e{f}')">def test_valid_parentheses_unrelated_characters():
&gt;       assert valid_parentheses("a(b)c[d]e{f}") is True
E       AssertionError: assert False is True
E        +  where False = valid_parentheses('a(b)c[d]e{f}')

/tests/test_generated.py:75: AssertionError</failure></testcase><testcase classname="test_generated" name="test_valid_parentheses_empty_string" time="0.000" /></testsuite></testsuites>