<?xml version="1.0" encoding="utf-8"?><testsuites name="pytest tests"><testsuite name="pytest" errors="0" failures="1" skipped="0" tests="24" time="0.045" timestamp="2026-02-23T18:01:18.004768+00:00" hostname="bdd71d08c6ab"><testcase classname="test_generated" name="test_fizzbuzz_happy_path" time="0.000" /><testcase classname="test_generated" name="test_fizzbuzz_edge_case_zero" time="0.000" /><testcase classname="test_generated" name="test_fizzbuzz_edge_case_one" time="0.000" /><testcase classname="test_generated" name="test_fizzbuzz_edge_case_negative" time="0.000" /><testcase classname="test_generated" name="test_two_sum_happy_path" time="0.000" /><testcase classname="test_generated" name="test_two_sum_edge_case_empty_list" time="0.000" /><testcase classname="test_generated" name="test_two_sum_edge_case_no_pair" time="0.000" /><testcase classname="test_generated" name="test_two_sum_edge_case_multiple_pairs" time="0.000" /><testcase classname="test_generated" name="test_is_palindrome_happy_path" time="0.000" /><testcase classname="test_generated" name="test_is_palindrome_edge_case_empty_string" time="0.000" /><testcase classname="test_generated" name="test_is_palindrome_edge_case_single_character" time="0.000" /><testcase classname="test_generated" name="test_is_palindrome_edge_case_special_characters" time="0.000" /><testcase classname="test_generated" name="test_max_subarray_happy_path" time="0.000" /><testcase classname="test_generated" name="test_max_subarray_edge_case_empty_list" time="0.000" /><testcase classname="test_generated" name="test_max_subarray_edge_case_all_negative" time="0.000" /><testcase classname="test_generated" name="test_max_subarray_edge_case_single_element" time="0.000" /><testcase classname="test_generated" name="test_climbing_stairs_happy_path" time="0.000" /><testcase classname="test_generated" name="test_climbing_stairs_edge_case_zero" time="0.000" /><testcase classname="test_generated" name="test_climbing_stairs_edge_case_one" time="0.000" /><testcase classname="test_generated" name="test_climbing_stairs_edge_case_negative" time="0.000" /><testcase classname="test_generated" name="test_valid_parentheses_happy_path" time="0.000" /><testcase classname="test_generated" name="test_valid_parentheses_edge_case_empty_string" time="0.000" /><testcase classname="test_generated" name="test_valid_parentheses_edge_case_unbalanced" time="0.000" /><testcase classname="test_generated" name="test_valid_parentheses_edge_case_unrelated_characters" time="0.000"><failure message="AssertionError: assert False is True&#10; +  where False = valid_parentheses('a(b)c')">def test_valid_parentheses_edge_case_unrelated_characters():
&gt;       assert valid_parentheses("a(b)c") is True
E       AssertionError: assert False is True
E        +  where False = valid_parentheses('a(b)c')

/tests/test_generated.py:81: AssertionError</failure></testcase></testsuite></testsuites>