<?xml version="1.0" encoding="utf-8"?><testsuites name="pytest tests"><testsuite name="pytest" errors="0" failures="4" skipped="0" tests="7" time="0.330" timestamp="2026-02-23T13:59:29.044446+00:00" hostname="f58fcc187b74"><testcase classname="test_generated" name="test_run_tests_coverage_file_not_exists" time="0.002" /><testcase classname="test_generated" name="test_run_tests_timeout" time="0.001"><failure message="NameError: name 'subprocess' is not defined">def test_run_tests_timeout():
&gt;       with patch('executor.subprocess.run', side_effect=subprocess.TimeoutExpired(cmd='cmd', timeout=120)):
                                                          ^^^^^^^^^^
E       NameError: name 'subprocess' is not defined

/tests/test_generated.py:20: NameError</failure></testcase><testcase classname="test_generated" name="test_run_tests_general_exception" time="0.001" /><testcase classname="test_generated" name="test_parse_coverage_file_not_exists" time="0.001"><failure message="FileNotFoundError">def test_parse_coverage_file_not_exists():
        with patch('executor.ET.parse', side_effect=FileNotFoundError):
&gt;           result = _parse_coverage(Path("non_existent_file.xml"))
                     ^^^^^^^^^^^^^^^^^^^^^^^^^^^^^^^^^^^^^^^^^^^^^^

/tests/test_generated.py:39: 
_ _ _ _ _ _ _ _ _ _ _ _ _ _ _ _ _ _ _ _ _ _ _ _ _ _ _ _ _ _ _ _ _ _ _ _ _ _ _ _ 
executor.py:101: in _parse_coverage
    tree = ET.parse(coverage_xml)
           ^^^^^^^^^^^^^^^^^^^^^^
/usr/local/lib/python3.11/unittest/mock.py:1124: in __call__
    return self._mock_call(*args, **kwargs)
           ^^^^^^^^^^^^^^^^^^^^^^^^^^^^^^^^
/usr/local/lib/python3.11/unittest/mock.py:1128: in _mock_call
    return self._execute_mock_call(*args, **kwargs)
           ^^^^^^^^^^^^^^^^^^^^^^^^^^^^^^^^^^^^^^^^
_ _ _ _ _ _ _ _ _ _ _ _ _ _ _ _ _ _ _ _ _ _ _ _ _ _ _ _ _ _ _ _ _ _ _ _ _ _ _ _ 

self = &lt;MagicMock name='parse' id='131275424972496'&gt;
args = (PosixPath('non_existent_file.xml'),), kwargs = {}
effect = &lt;class 'FileNotFoundError'&gt;

    def _execute_mock_call(self, /, *args, **kwargs):
        # separate from _increment_mock_call so that awaited functions are
        # executed separately from their call, also AsyncMock overrides this method
    
        effect = self.side_effect
        if effect is not None:
            if _is_exception(effect):
&gt;               raise effect
E               FileNotFoundError

/usr/local/lib/python3.11/unittest/mock.py:1183: FileNotFoundError</failure></testcase><testcase classname="test_generated" name="test_parse_coverage_malformed_xml" time="0.000"><failure message="NameError: name 'ET' is not defined">def test_parse_coverage_malformed_xml():
&gt;       with patch('executor.ET.parse', side_effect=ET.ParseError):
                                                    ^^
E       NameError: name 'ET' is not defined

/tests/test_generated.py:46: NameError</failure></testcase><testcase classname="test_generated" name="test_parse_junit_file_not_exists" time="0.001" /><testcase classname="test_generated" name="test_parse_junit_malformed_xml" time="0.000"><failure message="NameError: name 'ET' is not defined">def test_parse_junit_malformed_xml():
&gt;       with patch('executor.ET.parse', side_effect=ET.ParseError):
                                                    ^^
E       NameError: name 'ET' is not defined

/tests/test_generated.py:62: NameError</failure></testcase></testsuite></testsuites>